<?xml version="1.0" encoding="UTF-8"?>
<!-- Generated by org.testng.reporters.JUnitXMLReporter -->
<testsuite ignored="3" hostname="Gurman-laptop" failures="0" tests="3" name="Test" time="38.581" errors="0" timestamp="12 Apr 2022 23:37:26 GMT">
  <testcase classname="testng.CardTest" name="CreditCardTest" time="0.014"/>
  <testcase classname="testng.LoginTest" name="LoginTestcase" time="1.993"/>
  <testcase classname="testng.LoanTest" name="CarLoanTest" time="0.002"/>
  <testcase classname="testng.LoanTest" name="HomeLoanTest" time="0.0">
    <ignored/>
  </testcase> <!-- HomeLoanTest -->
  <testcase classname="testng.LoanTest" name="method1t" time="0.0">
    <ignored/>
  </testcase> <!-- method1t -->
  <testcase classname="testng.LoanTest" name="method2t" time="0.0">
    <ignored/>
  </testcase> <!-- method2t -->
</testsuite> <!-- Test -->
