<?xml version="1.0" encoding="UTF-8"?>
<!-- Generated by org.testng.reporters.JUnitXMLReporter -->
<testsuite hostname="Gurman-laptop" ignored="3" name="Test" tests="3" failures="0" timestamp="12 Apr 2022 23:38:59 GMT" time="43.112" errors="0">
  <testcase name="CreditCardTest" time="0.007" classname="testng.CardTest"/>
  <testcase name="LoginTestcase" time="1.487" classname="testng.LoginTest"/>
  <testcase name="CarLoanTest" time="0.0" classname="testng.LoanTest"/>
  <testcase name="HomeLoanTest" time="0.0" classname="testng.LoanTest">
    <ignored/>
  </testcase> <!-- HomeLoanTest -->
  <testcase name="method1t" time="0.0" classname="testng.LoanTest">
    <ignored/>
  </testcase> <!-- method1t -->
  <testcase name="method2t" time="0.0" classname="testng.LoanTest">
    <ignored/>
  </testcase> <!-- method2t -->
</testsuite> <!-- Test -->
