<?xml version="1.0" encoding="UTF-8"?>
<testng-results skipped="0" failed="0" ignored="3" total="6" passed="3">
  <reporter-output>
  </reporter-output>
  <suite name="Suite" duration-ms="43112" started-at="2022-04-12T23:38:16Z" finished-at="2022-04-12T23:38:59Z">
    <groups>
      <group name="Sanity">
        <method signature="CardTest.CreditCardTest()[pri:0, instance:testng.CardTest@7ea37dbf]" name="CreditCardTest" class="testng.CardTest"/>
        <method signature="LoanTest.CarLoanTest()[pri:1, instance:testng.LoanTest@4b44655e]" name="CarLoanTest" class="testng.LoanTest"/>
        <method signature="LoginTest.LoginTestcase(java.lang.String, java.lang.String)[pri:0, instance:testng.LoginTest@290d210d]" name="LoginTestcase" class="testng.LoginTest"/>
      </group> <!-- Sanity -->
    </groups>
    <test name="Test" duration-ms="43112" started-at="2022-04-12T23:38:16Z" finished-at="2022-04-12T23:38:59Z">
      <class name="testng.CardTest">
        <test-method status="PASS" signature="CreditCardTest()[pri:0, instance:testng.CardTest@7ea37dbf]" name="CreditCardTest" duration-ms="7" started-at="2022-04-12T23:38:16Z" finished-at="2022-04-12T23:38:16Z">
          <reporter-output>
          </reporter-output>
        </test-method> <!-- CreditCardTest -->
      </class> <!-- testng.CardTest -->
      <class name="testng.LoginTest">
        <test-method status="PASS" signature="SetUp()[pri:0, instance:testng.LoginTest@290d210d]" name="SetUp" is-config="true" duration-ms="41585" started-at="2022-04-12T23:38:16Z" finished-at="2022-04-12T23:38:57Z">
          <reporter-output>
          </reporter-output>
        </test-method> <!-- SetUp -->
        <test-method status="PASS" signature="LoginTestcase(java.lang.String, java.lang.String)[pri:0, instance:testng.LoginTest@290d210d]" name="LoginTestcase" duration-ms="1487" started-at="2022-04-12T23:38:57Z" finished-at="2022-04-12T23:38:59Z">
          <params>
            <param index="0">
              <value>
                <![CDATA[abc@gmail.com]]>
              </value>
            </param>
            <param index="1">
              <value>
                <![CDATA[Abc@123456]]>
              </value>
            </param>
          </params>
          <reporter-output>
          </reporter-output>
        </test-method> <!-- LoginTestcase -->
      </class> <!-- testng.LoginTest -->
      <class name="testng.LoanTest">
        <test-method status="PASS" signature="CarLoanTest()[pri:1, instance:testng.LoanTest@4b44655e]" name="CarLoanTest" duration-ms="0" started-at="2022-04-12T23:38:59Z" finished-at="2022-04-12T23:38:59Z">
          <reporter-output>
          </reporter-output>
        </test-method> <!-- CarLoanTest -->
        <test-method status="PASS" signature="method1()[pri:0, instance:testng.LoanTest@4b44655e]" name="method1" is-config="true" duration-ms="0" started-at="2022-04-12T23:38:59Z" finished-at="2022-04-12T23:38:59Z">
          <reporter-output>
          </reporter-output>
        </test-method> <!-- method1 -->
      </class> <!-- testng.LoanTest -->
    </test> <!-- Test -->
  </suite> <!-- Suite -->
</testng-results>
